<testng-results>
  <reporter-output>
  </reporter-output>
  <suite name="SubsMod">
    <groups>
    </groups>
    <test name="proj.subs.SubsModifierTest">
      <class name="proj.subs.SubsModifierTest">
        <test-method status="PASS" signature="init()" name="init" is-config="true" duration-ms="187" started-at="2009-03-01T16:32:49Z" finished-at="2009-03-01T16:32:49Z">
        </test-method>
        <test-method status="FAIL" signature="findSRTFilesNumberTest()" name="findSRTFilesNumberTest" duration-ms="16" started-at="2009-03-01T16:32:49Z" finished-at="2009-03-01T16:32:49Z">
          <exception class="java.io.IOException">
            <message>
              <![CDATA[Текущата директория неможе да бъде претърсена!]]>
            </message>
            <full-stacktrace>
              <![CDATA[java.io.IOException: Текущата директория неможе да бъде претърсена!
	at proj.subs.SubsModifier.findSRTFiles(SubsModifier.java:218)
	at proj.subs.SubsModifierTest.findSRTFilesNumberTest(SubsModifierTest.java:38)
	at sun.reflect.NativeMethodAccessorImpl.invoke0(Native Method)
	at sun.reflect.NativeMethodAccessorImpl.invoke(NativeMethodAccessorImpl.java:39)
	at sun.reflect.DelegatingMethodAccessorImpl.invoke(DelegatingMethodAccessorImpl.java:25)
	at java.lang.reflect.Method.invoke(Method.java:597)
	at org.testng.internal.MethodHelper.invokeMethod(MethodHelper.java:580)
	at org.testng.internal.Invoker.invokeMethod(Invoker.java:478)
	at org.testng.internal.Invoker.invokeTestMethod(Invoker.java:617)
	at org.testng.internal.Invoker.invokeTestMethods(Invoker.java:885)
	at org.testng.internal.TestMethodWorker.invokeTestMethods(TestMethodWorker.java:126)
	at org.testng.internal.TestMethodWorker.run(TestMethodWorker.java:110)
	at org.testng.TestRunner.runWorkers(TestRunner.java:712)
	at org.testng.TestRunner.privateRun(TestRunner.java:582)
	at org.testng.TestRunner.run(TestRunner.java:477)
	at org.testng.SuiteRunner.runTest(SuiteRunner.java:324)
	at org.testng.SuiteRunner.runSequentially(SuiteRunner.java:319)
	at org.testng.SuiteRunner.privateRun(SuiteRunner.java:292)
	at org.testng.SuiteRunner.run(SuiteRunner.java:198)
	at org.testng.TestNG.createAndRunSuiteRunners(TestNG.java:823)
	at org.testng.TestNG.runSuitesLocally(TestNG.java:790)
	at org.testng.TestNG.run(TestNG.java:708)
	at org.testng.remote.RemoteTestNG.run(RemoteTestNG.java:73)
	at org.testng.remote.RemoteTestNG.main(RemoteTestNG.java:124)
]]>
            </full-stacktrace>
          </exception>
        </test-method>
        <test-method status="PASS" signature="findCurrentDirectoryTest()" name="findCurrentDirectoryTest" duration-ms="31" started-at="2009-03-01T16:32:49Z" finished-at="2009-03-01T16:32:49Z">
        </test-method>
      </class>
    </test>
  </suite>
</testng-results>
