<?xml version="1.0" encoding="UTF-8"?>
<testsuite name="proj.subs.SubsModifierTest" failures="1" tests="2" time="0.281" errors="0">
  <properties/>
  <testcase name="findCurrentDirectoryTest" time="0.031" classname="proj.subs.SubsModifierTest"/>
  <testcase name="findSRTFilesNumberTest" time="0.016" classname="proj.subs.SubsModifierTest">
    <failure type="java.io.IOException" message="Текущата директория неможе да бъде претърсена!">
      <![CDATA[java.io.IOException: Текущата директория неможе да бъде претърсена!
	at proj.subs.SubsModifier.findSRTFiles(SubsModifier.java:218)
	at proj.subs.SubsModifierTest.findSRTFilesNumberTest(SubsModifierTest.java:38)
... Removed 22 stack frames]]>
    </failure>
  </testcase>
</testsuite>
